2020-06-26 12:36:28.404 ERROR 21772 --- [restartedMain] o.s.b.d.LoggingFailureAnalysisReporter   LoggingFailureAnalysisReporter.java:40: 

***************************
APPLICATION FAILED TO START
***************************

Description:

Web server failed to start. Port 80 was already in use.

Action:

Identify and stop the process that's listening on port 80 or configure this application to listen on another port.

2020-06-26 13:03:46.423 ERROR 7596 --- [restartedMain] o.s.b.d.LoggingFailureAnalysisReporter   LoggingFailureAnalysisReporter.java:40: 

***************************
APPLICATION FAILED TO START
***************************

Description:

Web server failed to start. Port 80 was already in use.

Action:

Identify and stop the process that's listening on port 80 or configure this application to listen on another port.

2020-06-26 13:04:52.631 ERROR 12256 --- [restartedMain] o.s.b.d.LoggingFailureAnalysisReporter   LoggingFailureAnalysisReporter.java:40: 

***************************
APPLICATION FAILED TO START
***************************

Description:

Web server failed to start. Port 80 was already in use.

Action:

Identify and stop the process that's listening on port 80 or configure this application to listen on another port.

2020-06-26 13:06:50.859 ERROR 1892 --- [restartedMain] o.s.b.d.LoggingFailureAnalysisReporter   LoggingFailureAnalysisReporter.java:40: 

***************************
APPLICATION FAILED TO START
***************************

Description:

Web server failed to start. Port 80 was already in use.

Action:

Identify and stop the process that's listening on port 80 or configure this application to listen on another port.

2020-06-26 13:46:01.888 ERROR 21088 --- [http-nio-8080-exec-5] c.niit.soft.client.api.filter.JwtFilter  JwtFilter.java:58: JwtFilter过滤验证失败!
2020-06-26 13:46:01.954 ERROR 21088 --- [http-nio-8080-exec-3] c.niit.soft.client.api.filter.JwtFilter  JwtFilter.java:58: JwtFilter过滤验证失败!
2020-06-26 13:46:14.335 ERROR 21088 --- [http-nio-8080-exec-4] c.niit.soft.client.api.filter.JwtFilter  JwtFilter.java:58: JwtFilter过滤验证失败!
2020-06-26 13:46:14.336 ERROR 21088 --- [http-nio-8080-exec-8] c.niit.soft.client.api.filter.JwtFilter  JwtFilter.java:58: JwtFilter过滤验证失败!
2020-06-26 13:46:14.424 ERROR 21088 --- [http-nio-8080-exec-3] c.niit.soft.client.api.filter.JwtFilter  JwtFilter.java:58: JwtFilter过滤验证失败!
2020-06-26 13:46:14.427 ERROR 21088 --- [http-nio-8080-exec-5] c.niit.soft.client.api.filter.JwtFilter  JwtFilter.java:58: JwtFilter过滤验证失败!
2020-06-26 13:46:14.502 ERROR 21088 --- [http-nio-8080-exec-6] c.niit.soft.client.api.filter.JwtFilter  JwtFilter.java:58: JwtFilter过滤验证失败!
2020-06-26 13:46:57.242 ERROR 21088 --- [http-nio-8080-exec-9] c.niit.soft.client.api.filter.JwtFilter  JwtFilter.java:58: JwtFilter过滤验证失败!
2020-06-26 13:52:19.221 ERROR 17232 --- [http-nio-8080-exec-1] c.n.s.c.a.h.GlobalExceptionHandler       GlobalExceptionHandler.java:61: null
